2025-11-20 18:41:07,626 - INFO - Starting extraction process...
2025-11-20 18:41:07,626 - INFO - Fetching data from https://api.warframestat.us/pc/warframes...
2025-11-20 18:41:08,079 - WARNING - Attempt 1/3 failed for warframes: 404 Client Error: Not Found for url: https://api.warframestat.us/pc/warframes/
2025-11-20 18:41:10,384 - WARNING - Attempt 2/3 failed for warframes: 404 Client Error: Not Found for url: https://api.warframestat.us/pc/warframes/
2025-11-20 18:41:12,687 - WARNING - Attempt 3/3 failed for warframes: 404 Client Error: Not Found for url: https://api.warframestat.us/pc/warframes/
2025-11-20 18:41:12,687 - ERROR - Failed to fetch data from warframes after 3 attempts.
2025-11-20 18:41:12,687 - ERROR - Extraction process failed: 404 Client Error: Not Found for url: https://api.warframestat.us/pc/warframes/
2025-11-20 19:32:21,869 - INFO - Starting extraction process...
2025-11-20 19:32:21,869 - INFO - Fetching data from https://api.warframestat.us/warframes...
2025-11-20 19:32:22,739 - INFO - Successfully fetched 119 items from warframes.
2025-11-20 19:32:22,818 - INFO - Saved data to C:\Users\jideo\Warframe_Project\ETL\Raw\warframes.json
2025-11-20 19:32:22,819 - INFO - Fetching data from https://api.warframestat.us/weapons...
2025-11-20 19:32:23,681 - INFO - Successfully fetched 623 items from weapons.
2025-11-20 19:32:23,851 - INFO - Saved data to C:\Users\jideo\Warframe_Project\ETL\Raw\weapons.json
2025-11-20 19:32:23,851 - INFO - Fetching data from https://api.warframestat.us/mods...
2025-11-20 19:32:24,806 - INFO - Successfully fetched 1751 items from mods.
2025-11-20 19:32:25,004 - INFO - Saved data to C:\Users\jideo\Warframe_Project\ETL\Raw\mods.json
2025-11-20 19:32:25,004 - INFO - Fetching data from https://api.warframestat.us/arcanes...
2025-11-20 19:32:25,475 - INFO - Successfully fetched 51 items from arcanes.
2025-11-20 19:32:25,476 - INFO - Saved data to C:\Users\jideo\Warframe_Project\ETL\Raw\arcanes.json
2025-11-20 19:32:25,476 - INFO - Extraction process completed successfully.
2025-11-20 19:35:25,277 - INFO - Starting extraction process...
2025-11-20 19:35:25,278 - INFO - Fetching data from https://api.warframestat.us/warframes...
2025-11-20 19:35:26,007 - INFO - Successfully fetched 119 items from warframes.
2025-11-20 19:35:26,087 - INFO - Saved data to C:\Users\jideo\Warframe_Project\ETL\Raw\warframes.json
2025-11-20 19:35:26,087 - INFO - Fetching data from https://api.warframestat.us/weapons...
2025-11-20 19:35:26,999 - INFO - Successfully fetched 623 items from weapons.
2025-11-20 19:35:27,174 - INFO - Saved data to C:\Users\jideo\Warframe_Project\ETL\Raw\weapons.json
2025-11-20 19:35:27,174 - INFO - Fetching data from https://api.warframestat.us/mods...
2025-11-20 19:35:28,106 - INFO - Successfully fetched 1751 items from mods.
2025-11-20 19:35:28,303 - INFO - Saved data to C:\Users\jideo\Warframe_Project\ETL\Raw\mods.json
2025-11-20 19:35:28,304 - INFO - Fetching Arcanes from 'items' endpoint...
2025-11-20 19:35:28,304 - INFO - Fetching data from https://api.warframestat.us/items...
2025-11-20 19:35:31,411 - INFO - Successfully fetched 16080 items from items.
2025-11-20 19:35:31,431 - INFO - Saved data to C:\Users\jideo\Warframe_Project\ETL\Raw\arcanes.json
2025-11-20 19:35:31,431 - INFO - Extraction process completed successfully.
2025-11-20 19:38:30,333 - INFO - ========================================
2025-11-20 19:38:30,333 - INFO -    Starting Warframe ETL Pipeline
2025-11-20 19:38:30,333 - INFO - ========================================
2025-11-20 19:38:30,333 - INFO - >>> Step 1: Extraction
2025-11-20 19:38:30,333 - INFO - Starting extraction process...
2025-11-20 19:38:30,333 - INFO - Fetching data from https://api.warframestat.us/warframes...
2025-11-20 19:38:31,204 - INFO - Successfully fetched 119 items from warframes.
2025-11-20 19:38:31,291 - INFO - Saved data to C:\Users\jideo\Warframe_Project\ETL\Raw\warframes.json
2025-11-20 19:38:31,292 - INFO - Fetching data from https://api.warframestat.us/weapons...
2025-11-20 19:38:32,164 - INFO - Successfully fetched 623 items from weapons.
2025-11-20 19:38:32,339 - INFO - Saved data to C:\Users\jideo\Warframe_Project\ETL\Raw\weapons.json
2025-11-20 19:38:32,339 - INFO - Fetching data from https://api.warframestat.us/mods...
2025-11-20 19:38:33,272 - INFO - Successfully fetched 1751 items from mods.
2025-11-20 19:38:33,471 - INFO - Saved data to C:\Users\jideo\Warframe_Project\ETL\Raw\mods.json
2025-11-20 19:38:33,471 - INFO - Fetching Arcanes from 'items' endpoint...
2025-11-20 19:38:33,472 - INFO - Fetching data from https://api.warframestat.us/items...
2025-11-20 19:38:36,485 - INFO - Successfully fetched 16080 items from items.
2025-11-20 19:38:36,501 - INFO - Saved data to C:\Users\jideo\Warframe_Project\ETL\Raw\arcanes.json
2025-11-20 19:38:36,501 - INFO - Extraction process completed successfully.
2025-11-20 19:38:36,537 - INFO - >>> Step 2: Transformation
2025-11-20 19:38:36,537 - INFO - Starting transformation process...
2025-11-20 19:38:36,572 - INFO - Transforming Warframes...
2025-11-20 19:38:36,598 - INFO - Saved processed data to C:\Users\jideo\Warframe_Project\ETL\Processed\warframes.json
2025-11-20 19:38:36,653 - INFO - Transforming Weapons...
2025-11-20 19:38:36,702 - INFO - Saved processed data to C:\Users\jideo\Warframe_Project\ETL\Processed\weapons.json
2025-11-20 19:38:36,754 - INFO - Transforming Mods...
2025-11-20 19:38:36,820 - INFO - Saved processed data to C:\Users\jideo\Warframe_Project\ETL\Processed\mods.json
2025-11-20 19:38:36,831 - INFO - Transforming Arcanes...
2025-11-20 19:38:36,836 - INFO - Saved processed data to C:\Users\jideo\Warframe_Project\ETL\Processed\arcanes.json
2025-11-20 19:38:36,836 - INFO - Transformation process completed.
2025-11-20 19:38:36,848 - INFO - >>> Step 3: Loading (SQL Generation)
2025-11-20 19:38:36,848 - INFO - Starting load process (generating SQL)...
2025-11-20 19:38:36,876 - INFO - Generated 114 inserts for Warframes.
2025-11-20 19:38:36,913 - INFO - Generated 595 inserts for Weapons.
2025-11-20 19:38:36,952 - INFO - Generated 1751 inserts for Mods.
2025-11-20 19:38:36,963 - INFO - Generated 162 inserts for Arcanes.
2025-11-20 19:38:37,005 - INFO - SQL script saved to C:\Users\jideo\Warframe_Project\ETL\load_data.sql
2025-11-20 19:38:37,009 - INFO - ========================================
2025-11-20 19:38:37,009 - INFO -    ETL Pipeline Completed Successfully
2025-11-20 19:38:37,009 - INFO - ========================================
2025-11-22 03:29:08,582 - INFO - ========================================
2025-11-22 03:29:08,582 - INFO -    Starting Warframe ETL Pipeline
2025-11-22 03:29:08,583 - INFO - ========================================
2025-11-22 03:29:08,583 - INFO - >>> Step 1: Extraction
2025-11-22 03:29:08,583 - INFO - Starting extraction process...
2025-11-22 03:29:08,583 - INFO - Fetching data from https://api.warframestat.us/warframes...
2025-11-22 03:29:09,371 - INFO - Successfully fetched 119 items from warframes.
2025-11-22 03:29:09,460 - INFO - Saved data to C:\Users\jideo\Warframe_Project\ETL\Raw\warframes.json
2025-11-22 03:29:09,460 - INFO - Fetching data from https://api.warframestat.us/weapons...
2025-11-22 03:29:10,288 - INFO - Successfully fetched 623 items from weapons.
2025-11-22 03:29:10,460 - INFO - Saved data to C:\Users\jideo\Warframe_Project\ETL\Raw\weapons.json
2025-11-22 03:29:10,460 - INFO - Fetching data from https://api.warframestat.us/mods...
2025-11-22 03:29:11,252 - INFO - Successfully fetched 1751 items from mods.
2025-11-22 03:29:11,448 - INFO - Saved data to C:\Users\jideo\Warframe_Project\ETL\Raw\mods.json
2025-11-22 03:29:11,448 - INFO - Fetching Arcanes from 'items' endpoint...
2025-11-22 03:29:11,449 - INFO - Fetching data from https://api.warframestat.us/items...
2025-11-22 03:29:14,126 - INFO - Successfully fetched 16080 items from items.
2025-11-22 03:29:14,143 - INFO - Saved data to C:\Users\jideo\Warframe_Project\ETL\Raw\arcanes.json
2025-11-22 03:29:14,143 - INFO - Extraction process completed successfully.
2025-11-22 03:29:14,178 - INFO - >>> Step 2: Transformation
2025-11-22 03:29:14,178 - INFO - Starting transformation process...
2025-11-22 03:29:14,214 - INFO - Transforming Warframes...
2025-11-22 03:29:14,239 - INFO - Saved processed data to C:\Users\jideo\Warframe_Project\ETL\Processed\warframes.json
2025-11-22 03:29:14,297 - INFO - Transforming Weapons...
2025-11-22 03:29:14,350 - INFO - Saved processed data to C:\Users\jideo\Warframe_Project\ETL\Processed\weapons.json
2025-11-22 03:29:14,405 - INFO - Transforming Mods...
2025-11-22 03:29:14,465 - INFO - Saved processed data to C:\Users\jideo\Warframe_Project\ETL\Processed\mods.json
2025-11-22 03:29:14,475 - INFO - Transforming Arcanes...
2025-11-22 03:29:14,480 - INFO - Saved processed data to C:\Users\jideo\Warframe_Project\ETL\Processed\arcanes.json
2025-11-22 03:29:14,480 - INFO - Transformation process completed.
2025-11-22 03:29:14,493 - INFO - >>> Step 3: Loading (SQL Generation)
2025-11-22 03:29:14,493 - INFO - Starting load process (generating SQL)...
2025-11-22 03:29:14,520 - INFO - Generated 114 inserts for Warframes.
2025-11-22 03:29:14,563 - INFO - Generated 595 inserts for Weapons.
2025-11-22 03:29:14,609 - INFO - Generated 1751 inserts for Mods.
2025-11-22 03:29:14,626 - INFO - Generated 162 inserts for Arcanes.
2025-11-22 03:29:14,668 - INFO - SQL script saved to C:\Users\jideo\Warframe_Project\ETL\load_data.sql
2025-11-22 03:29:14,672 - INFO - ========================================
2025-11-22 03:29:14,672 - INFO -    ETL Pipeline Completed Successfully
2025-11-22 03:29:14,672 - INFO - ========================================
