2025-11-20 19:33:18,783 - INFO - Starting transformation process...
2025-11-20 19:33:18,808 - INFO - Transforming Warframes...
2025-11-20 19:33:18,832 - INFO - Saved processed data to C:\Users\jideo\Warframe_Project\ETL\Processed\warframes.json
2025-11-20 19:33:18,878 - INFO - Transforming Weapons...
2025-11-20 19:33:18,929 - INFO - Saved processed data to C:\Users\jideo\Warframe_Project\ETL\Processed\weapons.json
2025-11-20 19:33:18,979 - INFO - Transforming Mods...
2025-11-20 19:33:19,033 - INFO - Saved processed data to C:\Users\jideo\Warframe_Project\ETL\Processed\mods.json
2025-11-20 19:33:19,033 - INFO - Transforming Arcanes...
2025-11-20 19:33:19,034 - INFO - Saved processed data to C:\Users\jideo\Warframe_Project\ETL\Processed\arcanes.json
2025-11-20 19:33:19,034 - INFO - Transformation process completed.
2025-11-20 19:35:31,520 - INFO - Starting transformation process...
2025-11-20 19:35:31,559 - INFO - Transforming Warframes...
2025-11-20 19:35:31,584 - INFO - Saved processed data to C:\Users\jideo\Warframe_Project\ETL\Processed\warframes.json
2025-11-20 19:35:31,646 - INFO - Transforming Weapons...
2025-11-20 19:35:31,703 - INFO - Saved processed data to C:\Users\jideo\Warframe_Project\ETL\Processed\weapons.json
2025-11-20 19:35:31,763 - INFO - Transforming Mods...
2025-11-20 19:35:31,829 - INFO - Saved processed data to C:\Users\jideo\Warframe_Project\ETL\Processed\mods.json
2025-11-20 19:35:31,843 - INFO - Transforming Arcanes...
2025-11-20 19:35:31,848 - INFO - Saved processed data to C:\Users\jideo\Warframe_Project\ETL\Processed\arcanes.json
2025-11-20 19:35:31,848 - INFO - Transformation process completed.
